<?xml version="1.0" encoding="UTF-8"?>
<!-- Generated by org.testng.reporters.JUnitReportReporter -->
<testsuite skipped="0" hostname="admin" name="WM.WMTest" tests="1" failures="0" timestamp="11 Dec 2018 17:16:27 GMT" time="25.359" errors="0">
  <testcase name="freeCRMTest" time="25.359" classname="WM.WMTest"/>
</testsuite> <!-- WM.WMTest -->
